{
  "C:\\Users\\Ivan\\Documents\\OTUS\\JS Basic\\HW\\js-basic-hw-7\\src\\weatherForecast.js": {
    "path": "C:\\Users\\Ivan\\Documents\\OTUS\\JS Basic\\HW\\js-basic-hw-7\\src\\weatherForecast.js",
    "all": false,
    "statementMap": {
      "0": {
        "start": { "line": 1, "column": 0 },
        "end": { "line": 1, "column": 54 }
      },
      "1": {
        "start": { "line": 2, "column": 0 },
        "end": { "line": 2, "column": 56 }
      },
      "2": {
        "start": { "line": 3, "column": 0 },
        "end": { "line": 3, "column": 0 }
      },
      "3": {
        "start": { "line": 4, "column": 0 },
        "end": { "line": 4, "column": 30 }
      },
      "4": {
        "start": { "line": 5, "column": 0 },
        "end": { "line": 5, "column": 55 }
      },
      "5": {
        "start": { "line": 6, "column": 0 },
        "end": { "line": 6, "column": 58 }
      },
      "6": {
        "start": { "line": 7, "column": 0 },
        "end": { "line": 7, "column": 0 }
      },
      "7": {
        "start": { "line": 8, "column": 0 },
        "end": { "line": 8, "column": 38 }
      },
      "8": {
        "start": { "line": 9, "column": 0 },
        "end": { "line": 9, "column": 32 }
      },
      "9": {
        "start": { "line": 10, "column": 0 },
        "end": { "line": 10, "column": 24 }
      },
      "10": {
        "start": { "line": 11, "column": 0 },
        "end": { "line": 11, "column": 3 }
      },
      "11": {
        "start": { "line": 12, "column": 0 },
        "end": { "line": 12, "column": 0 }
      },
      "12": {
        "start": { "line": 13, "column": 0 },
        "end": { "line": 13, "column": 44 }
      },
      "13": {
        "start": { "line": 14, "column": 0 },
        "end": { "line": 14, "column": 52 }
      },
      "14": {
        "start": { "line": 15, "column": 0 },
        "end": { "line": 15, "column": 1 }
      },
      "15": {
        "start": { "line": 16, "column": 0 },
        "end": { "line": 16, "column": 0 }
      },
      "16": {
        "start": { "line": 17, "column": 0 },
        "end": { "line": 17, "column": 31 }
      },
      "17": {
        "start": { "line": 18, "column": 0 },
        "end": { "line": 18, "column": 52 }
      },
      "18": {
        "start": { "line": 19, "column": 0 },
        "end": { "line": 19, "column": 41 }
      },
      "19": {
        "start": { "line": 20, "column": 0 },
        "end": { "line": 20, "column": 39 }
      },
      "20": {
        "start": { "line": 21, "column": 0 },
        "end": { "line": 21, "column": 129 }
      },
      "21": {
        "start": { "line": 22, "column": 0 },
        "end": { "line": 22, "column": 65 }
      },
      "22": {
        "start": { "line": 23, "column": 0 },
        "end": { "line": 23, "column": 0 }
      },
      "23": {
        "start": { "line": 24, "column": 0 },
        "end": { "line": 24, "column": 18 }
      },
      "24": {
        "start": { "line": 25, "column": 0 },
        "end": { "line": 25, "column": 19 }
      },
      "25": {
        "start": { "line": 26, "column": 0 },
        "end": { "line": 26, "column": 36 }
      },
      "26": {
        "start": { "line": 27, "column": 0 },
        "end": { "line": 27, "column": 29 }
      },
      "27": {
        "start": { "line": 28, "column": 0 },
        "end": { "line": 28, "column": 14 }
      },
      "28": {
        "start": { "line": 29, "column": 0 },
        "end": { "line": 29, "column": 21 }
      },
      "29": {
        "start": { "line": 30, "column": 0 },
        "end": { "line": 30, "column": 7 }
      },
      "30": {
        "start": { "line": 31, "column": 0 },
        "end": { "line": 31, "column": 6 }
      },
      "31": {
        "start": { "line": 32, "column": 0 },
        "end": { "line": 32, "column": 11 }
      },
      "32": {
        "start": { "line": 33, "column": 0 },
        "end": { "line": 33, "column": 17 }
      },
      "33": {
        "start": { "line": 34, "column": 0 },
        "end": { "line": 34, "column": 5 }
      },
      "34": {
        "start": { "line": 35, "column": 0 },
        "end": { "line": 35, "column": 4 }
      },
      "35": {
        "start": { "line": 36, "column": 0 },
        "end": { "line": 36, "column": 1 }
      },
      "36": {
        "start": { "line": 37, "column": 0 },
        "end": { "line": 37, "column": 0 }
      },
      "37": {
        "start": { "line": 38, "column": 0 },
        "end": { "line": 38, "column": 40 }
      },
      "38": {
        "start": { "line": 39, "column": 0 },
        "end": { "line": 39, "column": 68 }
      },
      "39": {
        "start": { "line": 40, "column": 0 },
        "end": { "line": 40, "column": 16 }
      },
      "40": {
        "start": { "line": 41, "column": 0 },
        "end": { "line": 41, "column": 22 }
      },
      "41": {
        "start": { "line": 42, "column": 0 },
        "end": { "line": 42, "column": 4 }
      },
      "42": {
        "start": { "line": 43, "column": 0 },
        "end": { "line": 43, "column": 14 }
      },
      "43": {
        "start": { "line": 44, "column": 0 },
        "end": { "line": 44, "column": 1 }
      },
      "44": {
        "start": { "line": 45, "column": 0 },
        "end": { "line": 45, "column": 0 }
      },
      "45": {
        "start": { "line": 46, "column": 0 },
        "end": { "line": 46, "column": 44 }
      },
      "46": {
        "start": { "line": 47, "column": 0 },
        "end": { "line": 47, "column": 13 }
      },
      "47": {
        "start": { "line": 48, "column": 0 },
        "end": { "line": 48, "column": 56 }
      },
      "48": {
        "start": { "line": 49, "column": 0 },
        "end": { "line": 49, "column": 50 }
      },
      "49": {
        "start": { "line": 50, "column": 0 },
        "end": { "line": 50, "column": 0 }
      },
      "50": {
        "start": { "line": 51, "column": 0 },
        "end": { "line": 51, "column": 7 }
      },
      "51": {
        "start": { "line": 52, "column": 0 },
        "end": { "line": 52, "column": 38 }
      },
      "52": {
        "start": { "line": 53, "column": 0 },
        "end": { "line": 53, "column": 34 }
      },
      "53": {
        "start": { "line": 54, "column": 0 },
        "end": { "line": 54, "column": 58 }
      },
      "54": {
        "start": { "line": 55, "column": 0 },
        "end": { "line": 55, "column": 5 }
      },
      "55": {
        "start": { "line": 56, "column": 0 },
        "end": { "line": 56, "column": 33 }
      },
      "56": {
        "start": { "line": 57, "column": 0 },
        "end": { "line": 57, "column": 11 }
      },
      "57": {
        "start": { "line": 58, "column": 0 },
        "end": { "line": 58, "column": 16 }
      },
      "58": {
        "start": { "line": 59, "column": 0 },
        "end": { "line": 59, "column": 3 }
      },
      "59": {
        "start": { "line": 60, "column": 0 },
        "end": { "line": 60, "column": 1 }
      },
      "60": {
        "start": { "line": 61, "column": 0 },
        "end": { "line": 61, "column": 0 }
      },
      "61": {
        "start": { "line": 62, "column": 0 },
        "end": { "line": 62, "column": 49 }
      },
      "62": {
        "start": { "line": 63, "column": 0 },
        "end": { "line": 63, "column": 20 }
      },
      "63": {
        "start": { "line": 64, "column": 0 },
        "end": { "line": 64, "column": 68 }
      },
      "64": {
        "start": { "line": 65, "column": 0 },
        "end": { "line": 65, "column": 68 }
      },
      "65": {
        "start": { "line": 66, "column": 0 },
        "end": { "line": 66, "column": 10 }
      },
      "66": {
        "start": { "line": 67, "column": 0 },
        "end": { "line": 67, "column": 38 }
      },
      "67": {
        "start": { "line": 68, "column": 0 },
        "end": { "line": 68, "column": 3 }
      },
      "68": {
        "start": { "line": 69, "column": 0 },
        "end": { "line": 69, "column": 0 }
      },
      "69": {
        "start": { "line": 70, "column": 0 },
        "end": { "line": 70, "column": 53 }
      },
      "70": {
        "start": { "line": 71, "column": 0 },
        "end": { "line": 71, "column": 29 }
      },
      "71": {
        "start": { "line": 72, "column": 0 },
        "end": { "line": 72, "column": 51 }
      },
      "72": {
        "start": { "line": 73, "column": 0 },
        "end": { "line": 73, "column": 11 }
      },
      "73": {
        "start": { "line": 74, "column": 0 },
        "end": { "line": 74, "column": 3 }
      },
      "74": {
        "start": { "line": 75, "column": 0 },
        "end": { "line": 75, "column": 0 }
      },
      "75": {
        "start": { "line": 76, "column": 0 },
        "end": { "line": 76, "column": 65 }
      },
      "76": {
        "start": { "line": 77, "column": 0 },
        "end": { "line": 77, "column": 62 }
      },
      "77": {
        "start": { "line": 78, "column": 0 },
        "end": { "line": 78, "column": 26 }
      },
      "78": {
        "start": { "line": 79, "column": 0 },
        "end": { "line": 79, "column": 25 }
      },
      "79": {
        "start": { "line": 80, "column": 0 },
        "end": { "line": 80, "column": 22 }
      },
      "80": {
        "start": { "line": 81, "column": 0 },
        "end": { "line": 81, "column": 80 }
      },
      "81": {
        "start": { "line": 82, "column": 0 },
        "end": { "line": 82, "column": 0 }
      },
      "82": {
        "start": { "line": 83, "column": 0 },
        "end": { "line": 83, "column": 23 }
      },
      "83": {
        "start": { "line": 84, "column": 0 },
        "end": { "line": 84, "column": 29 }
      },
      "84": {
        "start": { "line": 85, "column": 0 },
        "end": { "line": 85, "column": 1 }
      },
      "85": {
        "start": { "line": 86, "column": 0 },
        "end": { "line": 86, "column": 0 }
      },
      "86": {
        "start": { "line": 87, "column": 0 },
        "end": { "line": 87, "column": 37 }
      },
      "87": {
        "start": { "line": 88, "column": 0 },
        "end": { "line": 88, "column": 48 }
      },
      "88": {
        "start": { "line": 89, "column": 0 },
        "end": { "line": 89, "column": 32 }
      },
      "89": {
        "start": { "line": 90, "column": 0 },
        "end": { "line": 90, "column": 42 }
      },
      "90": {
        "start": { "line": 91, "column": 0 },
        "end": { "line": 91, "column": 57 }
      },
      "91": {
        "start": { "line": 92, "column": 0 },
        "end": { "line": 92, "column": 61 }
      },
      "92": {
        "start": { "line": 93, "column": 0 },
        "end": { "line": 93, "column": 0 }
      },
      "93": {
        "start": { "line": 94, "column": 0 },
        "end": { "line": 94, "column": 68 }
      },
      "94": {
        "start": { "line": 95, "column": 0 },
        "end": { "line": 95, "column": 29 }
      },
      "95": {
        "start": { "line": 96, "column": 0 },
        "end": { "line": 96, "column": 21 }
      },
      "96": {
        "start": { "line": 97, "column": 0 },
        "end": { "line": 97, "column": 3 }
      },
      "97": {
        "start": { "line": 98, "column": 0 },
        "end": { "line": 98, "column": 32 }
      },
      "98": {
        "start": { "line": 99, "column": 0 },
        "end": { "line": 99, "column": 32 }
      },
      "99": {
        "start": { "line": 100, "column": 0 },
        "end": { "line": 100, "column": 22 }
      },
      "100": {
        "start": { "line": 101, "column": 0 },
        "end": { "line": 101, "column": 65 }
      },
      "101": {
        "start": { "line": 102, "column": 0 },
        "end": { "line": 102, "column": 3 }
      },
      "102": {
        "start": { "line": 103, "column": 0 },
        "end": { "line": 103, "column": 67 }
      },
      "103": {
        "start": { "line": 104, "column": 0 },
        "end": { "line": 104, "column": 1 }
      },
      "104": {
        "start": { "line": 105, "column": 0 },
        "end": { "line": 105, "column": 0 }
      },
      "105": {
        "start": { "line": 106, "column": 0 },
        "end": { "line": 106, "column": 28 }
      },
      "106": {
        "start": { "line": 107, "column": 0 },
        "end": { "line": 107, "column": 53 }
      },
      "107": {
        "start": { "line": 108, "column": 0 },
        "end": { "line": 108, "column": 11 }
      },
      "108": {
        "start": { "line": 109, "column": 0 },
        "end": { "line": 109, "column": 3 }
      },
      "109": {
        "start": { "line": 110, "column": 0 },
        "end": { "line": 110, "column": 0 }
      },
      "110": {
        "start": { "line": 111, "column": 0 },
        "end": { "line": 111, "column": 70 }
      },
      "111": {
        "start": { "line": 112, "column": 0 },
        "end": { "line": 112, "column": 75 }
      },
      "112": {
        "start": { "line": 113, "column": 0 },
        "end": { "line": 113, "column": 36 }
      },
      "113": {
        "start": { "line": 114, "column": 0 },
        "end": { "line": 114, "column": 50 }
      },
      "114": {
        "start": { "line": 115, "column": 0 },
        "end": { "line": 115, "column": 33 }
      },
      "115": {
        "start": { "line": 116, "column": 0 },
        "end": { "line": 116, "column": 44 }
      },
      "116": {
        "start": { "line": 117, "column": 0 },
        "end": { "line": 117, "column": 59 }
      },
      "117": {
        "start": { "line": 118, "column": 0 },
        "end": { "line": 118, "column": 45 }
      },
      "118": {
        "start": { "line": 119, "column": 0 },
        "end": { "line": 119, "column": 5 }
      },
      "119": {
        "start": { "line": 120, "column": 0 },
        "end": { "line": 120, "column": 1 }
      },
      "120": {
        "start": { "line": 121, "column": 0 },
        "end": { "line": 121, "column": 0 }
      },
      "121": {
        "start": { "line": 122, "column": 0 },
        "end": { "line": 122, "column": 41 }
      },
      "122": {
        "start": { "line": 123, "column": 0 },
        "end": { "line": 123, "column": 42 }
      },
      "123": {
        "start": { "line": 124, "column": 0 },
        "end": { "line": 124, "column": 65 }
      },
      "124": {
        "start": { "line": 125, "column": 0 },
        "end": { "line": 125, "column": 20 }
      },
      "125": {
        "start": { "line": 126, "column": 0 },
        "end": { "line": 126, "column": 29 }
      },
      "126": {
        "start": { "line": 127, "column": 0 },
        "end": { "line": 127, "column": 23 }
      },
      "127": {
        "start": { "line": 128, "column": 0 },
        "end": { "line": 128, "column": 0 }
      },
      "128": {
        "start": { "line": 129, "column": 0 },
        "end": { "line": 129, "column": 53 }
      },
      "129": {
        "start": { "line": 130, "column": 0 },
        "end": { "line": 130, "column": 20 }
      },
      "130": {
        "start": { "line": 131, "column": 0 },
        "end": { "line": 131, "column": 64 }
      },
      "131": {
        "start": { "line": 132, "column": 0 },
        "end": { "line": 132, "column": 28 }
      },
      "132": {
        "start": { "line": 133, "column": 0 },
        "end": { "line": 133, "column": 52 }
      },
      "133": {
        "start": { "line": 134, "column": 0 },
        "end": { "line": 134, "column": 43 }
      },
      "134": {
        "start": { "line": 135, "column": 0 },
        "end": { "line": 135, "column": 43 }
      },
      "135": {
        "start": { "line": 136, "column": 0 },
        "end": { "line": 136, "column": 10 }
      },
      "136": {
        "start": { "line": 137, "column": 0 },
        "end": { "line": 137, "column": 69 }
      },
      "137": {
        "start": { "line": 138, "column": 0 },
        "end": { "line": 138, "column": 71 }
      },
      "138": {
        "start": { "line": 139, "column": 0 },
        "end": { "line": 139, "column": 3 }
      },
      "139": {
        "start": { "line": 140, "column": 0 },
        "end": { "line": 140, "column": 0 }
      },
      "140": {
        "start": { "line": 141, "column": 0 },
        "end": { "line": 141, "column": 60 }
      },
      "141": {
        "start": { "line": 142, "column": 0 },
        "end": { "line": 142, "column": 55 }
      },
      "142": {
        "start": { "line": 143, "column": 0 },
        "end": { "line": 143, "column": 0 }
      },
      "143": {
        "start": { "line": 144, "column": 0 },
        "end": { "line": 144, "column": 10 }
      },
      "144": {
        "start": { "line": 145, "column": 0 },
        "end": { "line": 145, "column": 42 }
      },
      "145": {
        "start": { "line": 146, "column": 0 },
        "end": { "line": 146, "column": 39 }
      },
      "146": {
        "start": { "line": 147, "column": 0 },
        "end": { "line": 147, "column": 34 }
      },
      "147": {
        "start": { "line": 148, "column": 0 },
        "end": { "line": 148, "column": 67 }
      },
      "148": {
        "start": { "line": 149, "column": 0 },
        "end": { "line": 149, "column": 14 }
      },
      "149": {
        "start": { "line": 150, "column": 0 },
        "end": { "line": 150, "column": 68 }
      },
      "150": {
        "start": { "line": 151, "column": 0 },
        "end": { "line": 151, "column": 32 }
      },
      "151": {
        "start": { "line": 152, "column": 0 },
        "end": { "line": 152, "column": 25 }
      },
      "152": {
        "start": { "line": 153, "column": 0 },
        "end": { "line": 153, "column": 9 }
      },
      "153": {
        "start": { "line": 154, "column": 0 },
        "end": { "line": 154, "column": 7 }
      },
      "154": {
        "start": { "line": 155, "column": 0 },
        "end": { "line": 155, "column": 7 }
      },
      "155": {
        "start": { "line": 156, "column": 0 },
        "end": { "line": 156, "column": 1 }
      }
    },
    "s": {
      "0": 1,
      "1": 1,
      "2": 1,
      "3": 1,
      "4": 1,
      "5": 1,
      "6": 1,
      "7": 1,
      "8": 1,
      "9": 1,
      "10": 1,
      "11": 1,
      "12": 1,
      "13": 1,
      "14": 1,
      "15": 1,
      "16": 20,
      "17": 20,
      "18": 20,
      "19": 20,
      "20": 20,
      "21": 20,
      "22": 20,
      "23": 20,
      "24": 20,
      "25": 18,
      "26": 4,
      "27": 4,
      "28": 4,
      "29": 4,
      "30": 18,
      "31": 20,
      "32": 1,
      "33": 1,
      "34": 20,
      "35": 20,
      "36": 1,
      "37": 1,
      "38": 1,
      "39": 1,
      "40": 1,
      "41": 1,
      "42": 1,
      "43": 1,
      "44": 1,
      "45": 1,
      "46": 1,
      "47": 1,
      "48": 1,
      "49": 1,
      "50": 1,
      "51": 1,
      "52": 1,
      "53": 1,
      "54": 1,
      "55": 1,
      "56": 1,
      "57": 1,
      "58": 1,
      "59": 1,
      "60": 1,
      "61": 1,
      "62": 18,
      "63": 18,
      "64": 18,
      "65": 18,
      "66": 18,
      "67": 18,
      "68": 18,
      "69": 18,
      "70": 18,
      "71": 18,
      "72": 18,
      "73": 18,
      "74": 18,
      "75": 18,
      "76": 18,
      "77": 18,
      "78": 18,
      "79": 18,
      "80": 18,
      "81": 18,
      "82": 18,
      "83": 1,
      "84": 1,
      "85": 1,
      "86": 20,
      "87": 20,
      "88": 20,
      "89": 20,
      "90": 20,
      "91": 20,
      "92": 20,
      "93": 20,
      "94": 20,
      "95": 1,
      "96": 1,
      "97": 20,
      "98": 20,
      "99": 10,
      "100": 10,
      "101": 10,
      "102": 20,
      "103": 20,
      "104": 1,
      "105": 2,
      "106": 2,
      "107": 1,
      "108": 1,
      "109": 1,
      "110": 1,
      "111": 1,
      "112": 1,
      "113": 1,
      "114": 1,
      "115": 1,
      "116": 1,
      "117": 1,
      "118": 1,
      "119": 1,
      "120": 1,
      "121": 1,
      "122": 2,
      "123": 2,
      "124": 2,
      "125": 2,
      "126": 2,
      "127": 2,
      "128": 2,
      "129": 2,
      "130": 1,
      "131": 1,
      "132": 1,
      "133": 1,
      "134": 1,
      "135": 1,
      "136": 1,
      "137": 1,
      "138": 1,
      "139": 2,
      "140": 2,
      "141": 2,
      "142": 2,
      "143": 2,
      "144": 1,
      "145": 1,
      "146": 0,
      "147": 0,
      "148": 0,
      "149": 0,
      "150": 0,
      "151": 0,
      "152": 0,
      "153": 0,
      "154": 0,
      "155": 1
    },
    "branchMap": {
      "0": {
        "type": "branch",
        "line": 8,
        "loc": {
          "start": { "line": 8, "column": 0 },
          "end": { "line": 8, "column": 15 }
        },
        "locations": [
          {
            "start": { "line": 8, "column": 0 },
            "end": { "line": 8, "column": 15 }
          }
        ]
      },
      "1": {
        "type": "branch",
        "line": 8,
        "loc": {
          "start": { "line": 8, "column": 0 },
          "end": { "line": 8, "column": 15 }
        },
        "locations": [
          {
            "start": { "line": 8, "column": 0 },
            "end": { "line": 8, "column": 15 }
          }
        ]
      },
      "2": {
        "type": "branch",
        "line": 8,
        "loc": {
          "start": { "line": 8, "column": 0 },
          "end": { "line": 8, "column": 15 }
        },
        "locations": [
          {
            "start": { "line": 8, "column": 0 },
            "end": { "line": 8, "column": 15 }
          }
        ]
      },
      "3": {
        "type": "branch",
        "line": 8,
        "loc": {
          "start": { "line": 8, "column": 0 },
          "end": { "line": 8, "column": 15 }
        },
        "locations": [
          {
            "start": { "line": 8, "column": 0 },
            "end": { "line": 8, "column": 15 }
          }
        ]
      },
      "4": {
        "type": "branch",
        "line": 8,
        "loc": {
          "start": { "line": 8, "column": 0 },
          "end": { "line": 8, "column": 15 }
        },
        "locations": [
          {
            "start": { "line": 8, "column": 0 },
            "end": { "line": 8, "column": 15 }
          }
        ]
      },
      "5": {
        "type": "branch",
        "line": 8,
        "loc": {
          "start": { "line": 8, "column": 0 },
          "end": { "line": 8, "column": 15 }
        },
        "locations": [
          {
            "start": { "line": 8, "column": 0 },
            "end": { "line": 8, "column": 15 }
          }
        ]
      },
      "6": {
        "type": "branch",
        "line": 8,
        "loc": {
          "start": { "line": 8, "column": 0 },
          "end": { "line": 8, "column": 15 }
        },
        "locations": [
          {
            "start": { "line": 8, "column": 0 },
            "end": { "line": 8, "column": 15 }
          }
        ]
      },
      "7": {
        "type": "branch",
        "line": 8,
        "loc": {
          "start": { "line": 8, "column": 0 },
          "end": { "line": 8, "column": 15 }
        },
        "locations": [
          {
            "start": { "line": 8, "column": 0 },
            "end": { "line": 8, "column": 15 }
          }
        ]
      },
      "8": {
        "type": "branch",
        "line": 14,
        "loc": {
          "start": { "line": 14, "column": 9 },
          "end": { "line": 14, "column": 52 }
        },
        "locations": [
          {
            "start": { "line": 14, "column": 9 },
            "end": { "line": 14, "column": 52 }
          }
        ]
      },
      "9": {
        "type": "branch",
        "line": 8,
        "loc": {
          "start": { "line": 8, "column": 0 },
          "end": { "line": 8, "column": 15 }
        },
        "locations": [
          {
            "start": { "line": 8, "column": 0 },
            "end": { "line": 8, "column": 15 }
          }
        ]
      },
      "10": {
        "type": "branch",
        "line": 8,
        "loc": {
          "start": { "line": 8, "column": 0 },
          "end": { "line": 8, "column": 15 }
        },
        "locations": [
          {
            "start": { "line": 8, "column": 0 },
            "end": { "line": 8, "column": 15 }
          }
        ]
      },
      "11": {
        "type": "branch",
        "line": 17,
        "loc": {
          "start": { "line": 17, "column": 0 },
          "end": { "line": 36, "column": 1 }
        },
        "locations": [
          {
            "start": { "line": 17, "column": 0 },
            "end": { "line": 36, "column": 1 }
          }
        ]
      },
      "12": {
        "type": "branch",
        "line": 22,
        "loc": {
          "start": { "line": 22, "column": 21 },
          "end": { "line": 22, "column": 28 }
        },
        "locations": [
          {
            "start": { "line": 22, "column": 21 },
            "end": { "line": 22, "column": 28 }
          }
        ]
      },
      "13": {
        "type": "branch",
        "line": 25,
        "loc": {
          "start": { "line": 25, "column": 4 },
          "end": { "line": 31, "column": 6 }
        },
        "locations": [
          {
            "start": { "line": 25, "column": 4 },
            "end": { "line": 31, "column": 6 }
          }
        ]
      },
      "14": {
        "type": "branch",
        "line": 26,
        "loc": {
          "start": { "line": 26, "column": 35 },
          "end": { "line": 28, "column": 13 }
        },
        "locations": [
          {
            "start": { "line": 26, "column": 35 },
            "end": { "line": 28, "column": 13 }
          }
        ]
      },
      "15": {
        "type": "branch",
        "line": 26,
        "loc": {
          "start": { "line": 26, "column": 6 },
          "end": { "line": 30, "column": 7 }
        },
        "locations": [
          {
            "start": { "line": 26, "column": 6 },
            "end": { "line": 30, "column": 7 }
          }
        ]
      },
      "16": {
        "type": "branch",
        "line": 32,
        "loc": {
          "start": { "line": 32, "column": 4 },
          "end": { "line": 34, "column": 5 }
        },
        "locations": [
          {
            "start": { "line": 32, "column": 4 },
            "end": { "line": 34, "column": 5 }
          }
        ]
      },
      "17": {
        "type": "branch",
        "line": 38,
        "loc": {
          "start": { "line": 38, "column": 7 },
          "end": { "line": 38, "column": 22 }
        },
        "locations": [
          {
            "start": { "line": 38, "column": 7 },
            "end": { "line": 38, "column": 22 }
          }
        ]
      },
      "18": {
        "type": "branch",
        "line": 38,
        "loc": {
          "start": { "line": 38, "column": 7 },
          "end": { "line": 38, "column": 22 }
        },
        "locations": [
          {
            "start": { "line": 38, "column": 7 },
            "end": { "line": 38, "column": 22 }
          }
        ]
      },
      "19": {
        "type": "branch",
        "line": 38,
        "loc": {
          "start": { "line": 38, "column": 7 },
          "end": { "line": 38, "column": 22 }
        },
        "locations": [
          {
            "start": { "line": 38, "column": 7 },
            "end": { "line": 38, "column": 22 }
          }
        ]
      },
      "20": {
        "type": "branch",
        "line": 38,
        "loc": {
          "start": { "line": 38, "column": 7 },
          "end": { "line": 38, "column": 22 }
        },
        "locations": [
          {
            "start": { "line": 38, "column": 7 },
            "end": { "line": 38, "column": 22 }
          }
        ]
      },
      "21": {
        "type": "branch",
        "line": 38,
        "loc": {
          "start": { "line": 38, "column": 7 },
          "end": { "line": 38, "column": 22 }
        },
        "locations": [
          {
            "start": { "line": 38, "column": 7 },
            "end": { "line": 38, "column": 22 }
          }
        ]
      },
      "22": {
        "type": "branch",
        "line": 38,
        "loc": {
          "start": { "line": 38, "column": 7 },
          "end": { "line": 38, "column": 22 }
        },
        "locations": [
          {
            "start": { "line": 38, "column": 7 },
            "end": { "line": 38, "column": 22 }
          }
        ]
      },
      "23": {
        "type": "branch",
        "line": 41,
        "loc": {
          "start": { "line": 41, "column": 4 },
          "end": { "line": 41, "column": 10 }
        },
        "locations": [
          {
            "start": { "line": 41, "column": 4 },
            "end": { "line": 41, "column": 10 }
          }
        ]
      },
      "24": {
        "type": "branch",
        "line": 46,
        "loc": {
          "start": { "line": 46, "column": 7 },
          "end": { "line": 46, "column": 22 }
        },
        "locations": [
          {
            "start": { "line": 46, "column": 7 },
            "end": { "line": 46, "column": 22 }
          }
        ]
      },
      "25": {
        "type": "branch",
        "line": 46,
        "loc": {
          "start": { "line": 46, "column": 7 },
          "end": { "line": 46, "column": 22 }
        },
        "locations": [
          {
            "start": { "line": 46, "column": 7 },
            "end": { "line": 46, "column": 22 }
          }
        ]
      },
      "26": {
        "type": "branch",
        "line": 46,
        "loc": {
          "start": { "line": 46, "column": 7 },
          "end": { "line": 46, "column": 22 }
        },
        "locations": [
          {
            "start": { "line": 46, "column": 7 },
            "end": { "line": 46, "column": 22 }
          }
        ]
      },
      "27": {
        "type": "branch",
        "line": 46,
        "loc": {
          "start": { "line": 46, "column": 7 },
          "end": { "line": 46, "column": 22 }
        },
        "locations": [
          {
            "start": { "line": 46, "column": 7 },
            "end": { "line": 46, "column": 22 }
          }
        ]
      },
      "28": {
        "type": "branch",
        "line": 46,
        "loc": {
          "start": { "line": 46, "column": 7 },
          "end": { "line": 46, "column": 22 }
        },
        "locations": [
          {
            "start": { "line": 46, "column": 7 },
            "end": { "line": 46, "column": 22 }
          }
        ]
      },
      "29": {
        "type": "branch",
        "line": 46,
        "loc": {
          "start": { "line": 46, "column": 7 },
          "end": { "line": 46, "column": 22 }
        },
        "locations": [
          {
            "start": { "line": 46, "column": 7 },
            "end": { "line": 46, "column": 22 }
          }
        ]
      },
      "30": {
        "type": "branch",
        "line": 46,
        "loc": {
          "start": { "line": 46, "column": 7 },
          "end": { "line": 46, "column": 22 }
        },
        "locations": [
          {
            "start": { "line": 46, "column": 7 },
            "end": { "line": 46, "column": 22 }
          }
        ]
      },
      "31": {
        "type": "branch",
        "line": 46,
        "loc": {
          "start": { "line": 46, "column": 7 },
          "end": { "line": 46, "column": 22 }
        },
        "locations": [
          {
            "start": { "line": 46, "column": 7 },
            "end": { "line": 46, "column": 22 }
          }
        ]
      },
      "32": {
        "type": "branch",
        "line": 46,
        "loc": {
          "start": { "line": 46, "column": 7 },
          "end": { "line": 46, "column": 22 }
        },
        "locations": [
          {
            "start": { "line": 46, "column": 7 },
            "end": { "line": 46, "column": 22 }
          }
        ]
      },
      "33": {
        "type": "branch",
        "line": 46,
        "loc": {
          "start": { "line": 46, "column": 7 },
          "end": { "line": 46, "column": 22 }
        },
        "locations": [
          {
            "start": { "line": 46, "column": 7 },
            "end": { "line": 46, "column": 22 }
          }
        ]
      },
      "34": {
        "type": "branch",
        "line": 46,
        "loc": {
          "start": { "line": 46, "column": 7 },
          "end": { "line": 46, "column": 22 }
        },
        "locations": [
          {
            "start": { "line": 46, "column": 7 },
            "end": { "line": 46, "column": 22 }
          }
        ]
      },
      "35": {
        "type": "branch",
        "line": 46,
        "loc": {
          "start": { "line": 46, "column": 7 },
          "end": { "line": 46, "column": 22 }
        },
        "locations": [
          {
            "start": { "line": 46, "column": 7 },
            "end": { "line": 46, "column": 22 }
          }
        ]
      },
      "36": {
        "type": "branch",
        "line": 62,
        "loc": {
          "start": { "line": 62, "column": 7 },
          "end": { "line": 62, "column": 22 }
        },
        "locations": [
          {
            "start": { "line": 62, "column": 7 },
            "end": { "line": 62, "column": 22 }
          }
        ]
      },
      "37": {
        "type": "branch",
        "line": 62,
        "loc": {
          "start": { "line": 62, "column": 7 },
          "end": { "line": 62, "column": 22 }
        },
        "locations": [
          {
            "start": { "line": 62, "column": 7 },
            "end": { "line": 62, "column": 22 }
          }
        ]
      },
      "38": {
        "type": "branch",
        "line": 62,
        "loc": {
          "start": { "line": 62, "column": 7 },
          "end": { "line": 62, "column": 22 }
        },
        "locations": [
          {
            "start": { "line": 62, "column": 7 },
            "end": { "line": 62, "column": 22 }
          }
        ]
      },
      "39": {
        "type": "branch",
        "line": 62,
        "loc": {
          "start": { "line": 62, "column": 7 },
          "end": { "line": 62, "column": 22 }
        },
        "locations": [
          {
            "start": { "line": 62, "column": 7 },
            "end": { "line": 62, "column": 22 }
          }
        ]
      },
      "40": {
        "type": "branch",
        "line": 64,
        "loc": {
          "start": { "line": 64, "column": 2 },
          "end": { "line": 68, "column": 3 }
        },
        "locations": [
          {
            "start": { "line": 64, "column": 2 },
            "end": { "line": 68, "column": 3 }
          }
        ]
      },
      "41": {
        "type": "branch",
        "line": 62,
        "loc": {
          "start": { "line": 62, "column": 7 },
          "end": { "line": 62, "column": 22 }
        },
        "locations": [
          {
            "start": { "line": 62, "column": 7 },
            "end": { "line": 62, "column": 22 }
          }
        ]
      },
      "42": {
        "type": "branch",
        "line": 62,
        "loc": {
          "start": { "line": 62, "column": 7 },
          "end": { "line": 62, "column": 22 }
        },
        "locations": [
          {
            "start": { "line": 62, "column": 7 },
            "end": { "line": 62, "column": 22 }
          }
        ]
      },
      "43": {
        "type": "branch",
        "line": 62,
        "loc": {
          "start": { "line": 62, "column": 7 },
          "end": { "line": 62, "column": 22 }
        },
        "locations": [
          {
            "start": { "line": 62, "column": 7 },
            "end": { "line": 62, "column": 22 }
          }
        ]
      },
      "44": {
        "type": "branch",
        "line": 62,
        "loc": {
          "start": { "line": 62, "column": 7 },
          "end": { "line": 84, "column": 18 }
        },
        "locations": [
          {
            "start": { "line": 62, "column": 7 },
            "end": { "line": 84, "column": 18 }
          }
        ]
      },
      "45": {
        "type": "branch",
        "line": 62,
        "loc": {
          "start": { "line": 62, "column": 7 },
          "end": { "line": 62, "column": 22 }
        },
        "locations": [
          {
            "start": { "line": 62, "column": 7 },
            "end": { "line": 62, "column": 22 }
          }
        ]
      },
      "46": {
        "type": "branch",
        "line": 62,
        "loc": {
          "start": { "line": 62, "column": 7 },
          "end": { "line": 62, "column": 22 }
        },
        "locations": [
          {
            "start": { "line": 62, "column": 7 },
            "end": { "line": 62, "column": 22 }
          }
        ]
      },
      "47": {
        "type": "branch",
        "line": 87,
        "loc": {
          "start": { "line": 87, "column": 0 },
          "end": { "line": 104, "column": 1 }
        },
        "locations": [
          {
            "start": { "line": 87, "column": 0 },
            "end": { "line": 104, "column": 1 }
          }
        ]
      },
      "48": {
        "type": "branch",
        "line": 95,
        "loc": {
          "start": { "line": 95, "column": 28 },
          "end": { "line": 97, "column": 3 }
        },
        "locations": [
          {
            "start": { "line": 95, "column": 28 },
            "end": { "line": 97, "column": 3 }
          }
        ]
      },
      "49": {
        "type": "branch",
        "line": 99,
        "loc": {
          "start": { "line": 99, "column": 31 },
          "end": { "line": 102, "column": 3 }
        },
        "locations": [
          {
            "start": { "line": 99, "column": 31 },
            "end": { "line": 102, "column": 3 }
          }
        ]
      },
      "50": {
        "type": "branch",
        "line": 106,
        "loc": {
          "start": { "line": 106, "column": 0 },
          "end": { "line": 120, "column": 1 }
        },
        "locations": [
          {
            "start": { "line": 106, "column": 0 },
            "end": { "line": 120, "column": 1 }
          }
        ]
      },
      "51": {
        "type": "branch",
        "line": 107,
        "loc": {
          "start": { "line": 107, "column": 52 },
          "end": { "line": 120, "column": 1 }
        },
        "locations": [
          {
            "start": { "line": 107, "column": 52 },
            "end": { "line": 120, "column": 1 }
          }
        ]
      },
      "52": {
        "type": "branch",
        "line": 113,
        "loc": {
          "start": { "line": 113, "column": 22 },
          "end": { "line": 119, "column": 5 }
        },
        "locations": [
          {
            "start": { "line": 113, "column": 22 },
            "end": { "line": 119, "column": 5 }
          }
        ]
      },
      "53": {
        "type": "branch",
        "line": 122,
        "loc": {
          "start": { "line": 122, "column": 7 },
          "end": { "line": 122, "column": 22 }
        },
        "locations": [
          {
            "start": { "line": 122, "column": 7 },
            "end": { "line": 122, "column": 22 }
          }
        ]
      },
      "54": {
        "type": "branch",
        "line": 122,
        "loc": {
          "start": { "line": 122, "column": 7 },
          "end": { "line": 122, "column": 22 }
        },
        "locations": [
          {
            "start": { "line": 122, "column": 7 },
            "end": { "line": 122, "column": 22 }
          }
        ]
      },
      "55": {
        "type": "branch",
        "line": 122,
        "loc": {
          "start": { "line": 122, "column": 7 },
          "end": { "line": 122, "column": 22 }
        },
        "locations": [
          {
            "start": { "line": 122, "column": 7 },
            "end": { "line": 122, "column": 22 }
          }
        ]
      },
      "56": {
        "type": "branch",
        "line": 122,
        "loc": {
          "start": { "line": 122, "column": 7 },
          "end": { "line": 122, "column": 22 }
        },
        "locations": [
          {
            "start": { "line": 122, "column": 7 },
            "end": { "line": 122, "column": 22 }
          }
        ]
      },
      "57": {
        "type": "branch",
        "line": 122,
        "loc": {
          "start": { "line": 122, "column": 7 },
          "end": { "line": 144, "column": 10 }
        },
        "locations": [
          {
            "start": { "line": 122, "column": 7 },
            "end": { "line": 144, "column": 10 }
          }
        ]
      },
      "58": {
        "type": "branch",
        "line": 130,
        "loc": {
          "start": { "line": 130, "column": 19 },
          "end": { "line": 139, "column": 3 }
        },
        "locations": [
          {
            "start": { "line": 130, "column": 19 },
            "end": { "line": 139, "column": 3 }
          }
        ]
      },
      "59": {
        "type": "branch",
        "line": 122,
        "loc": {
          "start": { "line": 122, "column": 7 },
          "end": { "line": 122, "column": 22 }
        },
        "locations": [
          {
            "start": { "line": 122, "column": 7 },
            "end": { "line": 122, "column": 22 }
          }
        ]
      },
      "60": {
        "type": "branch",
        "line": 122,
        "loc": {
          "start": { "line": 122, "column": 7 },
          "end": { "line": 122, "column": 22 }
        },
        "locations": [
          {
            "start": { "line": 122, "column": 7 },
            "end": { "line": 122, "column": 22 }
          }
        ]
      }
    },
    "b": {
      "0": [5],
      "1": [14],
      "2": [18],
      "3": [5],
      "4": [4],
      "5": [1],
      "6": [4],
      "7": [4],
      "8": [1],
      "9": [0],
      "10": [5],
      "11": [20],
      "12": [4],
      "13": [18],
      "14": [14],
      "15": [4],
      "16": [1],
      "17": [7],
      "18": [21],
      "19": [7],
      "20": [7],
      "21": [0],
      "22": [7],
      "23": [2],
      "24": [25],
      "25": [98],
      "26": [119],
      "27": [25],
      "28": [23],
      "29": [21],
      "30": [2],
      "31": [21],
      "32": [21],
      "33": [4],
      "34": [0],
      "35": [25],
      "36": [19],
      "37": [39],
      "38": [57],
      "39": [19],
      "40": [0],
      "41": [19],
      "42": [18],
      "43": [1],
      "44": [18],
      "45": [18],
      "46": [19],
      "47": [20],
      "48": [1],
      "49": [10],
      "50": [2],
      "51": [1],
      "52": [1],
      "53": [2],
      "54": [6],
      "55": [2],
      "56": [2],
      "57": [2],
      "58": [1],
      "59": [2],
      "60": [2]
    },
    "fnMap": {
      "0": {
        "name": "_callee",
        "decl": {
          "start": { "line": 8, "column": 0 },
          "end": { "line": 8, "column": 15 }
        },
        "loc": {
          "start": { "line": 8, "column": 0 },
          "end": { "line": 8, "column": 15 }
        },
        "line": 8
      },
      "1": {
        "name": "_callee$",
        "decl": {
          "start": { "line": 8, "column": 0 },
          "end": { "line": 8, "column": 15 }
        },
        "loc": {
          "start": { "line": 8, "column": 0 },
          "end": { "line": 8, "column": 15 }
        },
        "line": 8
      },
      "2": {
        "name": "displayMap",
        "decl": {
          "start": { "line": 17, "column": 0 },
          "end": { "line": 36, "column": 1 }
        },
        "loc": {
          "start": { "line": 17, "column": 0 },
          "end": { "line": 36, "column": 1 }
        },
        "line": 17
      },
      "3": {
        "name": "failedLoad",
        "decl": {
          "start": { "line": 22, "column": 21 },
          "end": { "line": 22, "column": 28 }
        },
        "loc": {
          "start": { "line": 22, "column": 21 },
          "end": { "line": 22, "column": 28 }
        },
        "line": 22
      },
      "4": {
        "name": "_callee2",
        "decl": {
          "start": { "line": 38, "column": 7 },
          "end": { "line": 38, "column": 22 }
        },
        "loc": {
          "start": { "line": 38, "column": 7 },
          "end": { "line": 38, "column": 22 }
        },
        "line": 38
      },
      "5": {
        "name": "_callee2$",
        "decl": {
          "start": { "line": 38, "column": 7 },
          "end": { "line": 38, "column": 22 }
        },
        "loc": {
          "start": { "line": 38, "column": 7 },
          "end": { "line": 38, "column": 22 }
        },
        "line": 38
      },
      "6": {
        "name": "_callee3",
        "decl": {
          "start": { "line": 46, "column": 7 },
          "end": { "line": 46, "column": 22 }
        },
        "loc": {
          "start": { "line": 46, "column": 7 },
          "end": { "line": 46, "column": 22 }
        },
        "line": 46
      },
      "7": {
        "name": "_callee3$",
        "decl": {
          "start": { "line": 46, "column": 7 },
          "end": { "line": 46, "column": 22 }
        },
        "loc": {
          "start": { "line": 46, "column": 7 },
          "end": { "line": 46, "column": 22 }
        },
        "line": 46
      },
      "8": {
        "name": "_callee4",
        "decl": {
          "start": { "line": 62, "column": 7 },
          "end": { "line": 62, "column": 22 }
        },
        "loc": {
          "start": { "line": 62, "column": 7 },
          "end": { "line": 62, "column": 22 }
        },
        "line": 62
      },
      "9": {
        "name": "_callee4$",
        "decl": {
          "start": { "line": 62, "column": 7 },
          "end": { "line": 62, "column": 22 }
        },
        "loc": {
          "start": { "line": 62, "column": 7 },
          "end": { "line": 62, "column": 22 }
        },
        "line": 62
      },
      "10": {
        "name": "addCityToHistory",
        "decl": {
          "start": { "line": 87, "column": 0 },
          "end": { "line": 104, "column": 1 }
        },
        "loc": {
          "start": { "line": 87, "column": 0 },
          "end": { "line": 104, "column": 1 }
        },
        "line": 87
      },
      "11": {
        "name": "loadHistoryList",
        "decl": {
          "start": { "line": 106, "column": 0 },
          "end": { "line": 120, "column": 1 }
        },
        "loc": {
          "start": { "line": 106, "column": 0 },
          "end": { "line": 120, "column": 1 }
        },
        "line": 106
      },
      "12": {
        "name": "_callee5",
        "decl": {
          "start": { "line": 122, "column": 7 },
          "end": { "line": 122, "column": 22 }
        },
        "loc": {
          "start": { "line": 122, "column": 7 },
          "end": { "line": 122, "column": 22 }
        },
        "line": 122
      },
      "13": {
        "name": "_callee5$",
        "decl": {
          "start": { "line": 122, "column": 7 },
          "end": { "line": 122, "column": 22 }
        },
        "loc": {
          "start": { "line": 122, "column": 7 },
          "end": { "line": 122, "column": 22 }
        },
        "line": 122
      }
    },
    "f": {
      "0": 5,
      "1": 14,
      "2": 20,
      "3": 4,
      "4": 7,
      "5": 21,
      "6": 25,
      "7": 98,
      "8": 19,
      "9": 39,
      "10": 20,
      "11": 2,
      "12": 2,
      "13": 6
    }
  }
}
