TN:
SF:src\weatherForecast.js
FN:8,_callee
FN:8,_callee$
FN:17,displayMap
FN:25,failedLoad
FN:43,_callee2
FN:43,_callee2$
FN:51,_callee3
FN:51,_callee3$
FN:67,_callee4
FN:67,_callee4$
FN:92,addCityToHistory
FN:111,loadHistoryList
FN:127,_callee5
FN:127,_callee5$
FNF:14
FNH:14
FNDA:5,_callee
FNDA:14,_callee$
FNDA:20,displayMap
FNDA:5,failedLoad
FNDA:7,_callee2
FNDA:21,_callee2$
FNDA:25,_callee3
FNDA:98,_callee3$
FNDA:19,_callee4
FNDA:39,_callee4$
FNDA:20,addCityToHistory
FNDA:2,loadHistoryList
FNDA:2,_callee5
FNDA:6,_callee5$
DA:1,1
DA:2,1
DA:3,1
DA:4,1
DA:5,1
DA:6,1
DA:7,1
DA:8,1
DA:9,1
DA:10,1
DA:11,1
DA:12,1
DA:13,1
DA:14,1
DA:15,1
DA:16,1
DA:17,20
DA:18,20
DA:19,20
DA:20,20
DA:21,20
DA:22,20
DA:23,20
DA:24,20
DA:25,20
DA:26,5
DA:27,5
DA:28,20
DA:29,20
DA:30,20
DA:31,18
DA:32,4
DA:33,4
DA:34,4
DA:35,4
DA:36,18
DA:37,20
DA:38,1
DA:39,1
DA:40,20
DA:41,20
DA:42,1
DA:43,1
DA:44,1
DA:45,1
DA:46,1
DA:47,1
DA:48,1
DA:49,1
DA:50,1
DA:51,1
DA:52,1
DA:53,1
DA:54,1
DA:55,1
DA:56,1
DA:57,1
DA:58,1
DA:59,1
DA:60,1
DA:61,1
DA:62,1
DA:63,1
DA:64,1
DA:65,1
DA:66,1
DA:67,1
DA:68,18
DA:69,18
DA:70,18
DA:71,18
DA:72,18
DA:73,18
DA:74,18
DA:75,18
DA:76,18
DA:77,18
DA:78,18
DA:79,18
DA:80,18
DA:81,18
DA:82,18
DA:83,18
DA:84,18
DA:85,18
DA:86,18
DA:87,18
DA:88,18
DA:89,1
DA:90,1
DA:91,1
DA:92,20
DA:93,20
DA:94,20
DA:95,20
DA:96,20
DA:97,20
DA:98,20
DA:99,20
DA:100,20
DA:101,1
DA:102,1
DA:103,20
DA:104,20
DA:105,10
DA:106,10
DA:107,10
DA:108,20
DA:109,20
DA:110,1
DA:111,2
DA:112,2
DA:113,1
DA:114,1
DA:115,1
DA:116,1
DA:117,1
DA:118,1
DA:119,1
DA:120,1
DA:121,1
DA:122,1
DA:123,1
DA:124,1
DA:125,1
DA:126,1
DA:127,1
DA:128,2
DA:129,2
DA:130,2
DA:131,2
DA:132,2
DA:133,2
DA:134,2
DA:135,2
DA:136,1
DA:137,1
DA:138,1
DA:139,1
DA:140,1
DA:141,1
DA:142,1
DA:143,1
DA:144,1
DA:145,2
DA:146,2
DA:147,2
DA:148,2
DA:149,2
DA:150,1
DA:151,1
DA:152,0
DA:153,0
DA:154,0
DA:155,0
DA:156,0
DA:157,0
DA:158,0
DA:159,0
DA:160,0
DA:161,1
LF:161
LH:152
BRDA:8,0,0,5
BRDA:8,1,0,14
BRDA:8,2,0,18
BRDA:8,3,0,5
BRDA:8,4,0,4
BRDA:8,5,0,1
BRDA:8,6,0,4
BRDA:8,7,0,4
BRDA:14,8,0,1
BRDA:8,9,0,0
BRDA:8,10,0,5
BRDA:17,11,0,20
BRDA:25,12,0,5
BRDA:30,13,0,18
BRDA:31,14,0,14
BRDA:31,15,0,4
BRDA:37,16,0,1
BRDA:43,17,0,7
BRDA:43,18,0,21
BRDA:43,19,0,7
BRDA:43,20,0,7
BRDA:43,21,0,0
BRDA:43,22,0,7
BRDA:46,23,0,2
BRDA:51,24,0,25
BRDA:51,25,0,98
BRDA:51,26,0,119
BRDA:51,27,0,25
BRDA:51,28,0,23
BRDA:51,29,0,21
BRDA:51,30,0,2
BRDA:51,31,0,21
BRDA:51,32,0,21
BRDA:51,33,0,4
BRDA:51,34,0,0
BRDA:51,35,0,25
BRDA:67,36,0,19
BRDA:67,37,0,39
BRDA:67,38,0,57
BRDA:67,39,0,19
BRDA:69,40,0,0
BRDA:67,41,0,19
BRDA:67,42,0,18
BRDA:67,43,0,1
BRDA:67,44,0,18
BRDA:67,45,0,18
BRDA:67,46,0,19
BRDA:92,47,0,20
BRDA:100,48,0,1
BRDA:104,49,0,10
BRDA:111,50,0,2
BRDA:112,51,0,1
BRDA:118,52,0,1
BRDA:127,53,0,2
BRDA:127,54,0,6
BRDA:127,55,0,2
BRDA:127,56,0,2
BRDA:127,57,0,2
BRDA:135,58,0,1
BRDA:127,59,0,2
BRDA:127,60,0,2
BRF:61
BRH:57
end_of_record
